<?xml version="1.0" encoding="UTF-8"?>
<testng-results ignored="0" total="1" passed="1" failed="0" skipped="0">
  <reporter-output>
    <line>
      <![CDATA[**********Startup script started************]]>
    </line>
    <line>
      <![CDATA[**********Test can be started************]]>
    </line>
    <line>
      <![CDATA[Strtaed browser***********]]>
    </line>
    <line>
      <![CDATA[browser and application started***********]]>
    </line>
    <line>
      <![CDATA[test is about to end ***********]]>
    </line>
  </reporter-output>
  <suite started-at="2024-06-11T14:41:27 IST" name="All Test Suite" finished-at="2024-06-11T14:41:52 IST" duration-ms="24640">
    <groups>
    </groups>
    <test started-at="2024-06-11T14:41:27 IST" name="C:/Users/mosin/IdeaProjects/HybridFramework" finished-at="2024-06-11T14:41:52 IST" duration-ms="24640">
      <class name="com.learnautomation.testcases.loginTestCRM">
        <test-method is-config="true" signature="setUPSuit()[pri:0, instance:com.learnautomation.testcases.loginTestCRM@35ef1869]" started-at="2024-06-11T14:41:26 IST" name="setUPSuit" finished-at="2024-06-11T14:41:27 IST" duration-ms="1264" status="PASS">
          <reporter-output>
            <line>
              <![CDATA[**********Startup script started************]]>
            </line>
            <line>
              <![CDATA[**********Test can be started************]]>
            </line>
          </reporter-output>
        </test-method> <!-- setUPSuit -->
        <test-method is-config="true" signature="startup(java.lang.String)[pri:0, instance:com.learnautomation.testcases.loginTestCRM@35ef1869]" started-at="2024-06-11T14:41:27 IST" name="startup" finished-at="2024-06-11T14:41:47 IST" duration-ms="19426" status="PASS">
          <params>
            <param index="0">
              <value>
                <![CDATA[Edge]]>
              </value>
            </param>
          </params>
          <reporter-output>
            <line>
              <![CDATA[Strtaed browser***********]]>
            </line>
            <line>
              <![CDATA[browser and application started***********]]>
            </line>
          </reporter-output>
        </test-method> <!-- startup -->
        <test-method signature="loginApp()[pri:0, instance:com.learnautomation.testcases.loginTestCRM@35ef1869]" started-at="2024-06-11T14:41:47 IST" name="loginApp" finished-at="2024-06-11T14:41:50 IST" duration-ms="3553" status="PASS">
          <reporter-output>
          </reporter-output>
        </test-method> <!-- loginApp -->
        <test-method is-config="true" signature="tearDownMethod(org.testng.ITestResult)[pri:0, instance:com.learnautomation.testcases.loginTestCRM@35ef1869]" started-at="2024-06-11T14:41:50 IST" name="tearDownMethod" finished-at="2024-06-11T14:41:51 IST" duration-ms="981" status="PASS">
          <params>
            <param index="0">
              <value>
                <![CDATA[[TestResult name=loginApp status=SUCCESS method=loginTestCRM.loginApp()[pri:0, instance:com.learnautomation.testcases.loginTestCRM@35ef1869] output={null}]]]>
              </value>
            </param>
          </params>
          <reporter-output>
            <line>
              <![CDATA[test is about to end ***********]]>
            </line>
          </reporter-output>
        </test-method> <!-- tearDownMethod -->
        <test-method is-config="true" signature="tearDown()[pri:0, instance:com.learnautomation.testcases.loginTestCRM@35ef1869]" started-at="2024-06-11T14:41:51 IST" name="tearDown" finished-at="2024-06-11T14:41:52 IST" duration-ms="649" status="PASS">
          <reporter-output>
          </reporter-output>
        </test-method> <!-- tearDown -->
      </class> <!-- com.learnautomation.testcases.loginTestCRM -->
    </test> <!-- C:/Users/mosin/IdeaProjects/HybridFramework -->
  </suite> <!-- All Test Suite -->
</testng-results>
